# JRE version: OpenJDK Runtime Environment 18.9 (11.0.11+9) (build 11.0.11+9)
# Java VM: OpenJDK 64-Bit Server VM 18.9 (11.0.11+9, mixed mode, tiered, compressed oops, g1 gc, windows-amd64)
Heap:
 garbage-first heap   total 315392K, used 153267K [0x0000000740000000, 0x0000000800000000)
  region size 1024K, 40 young (40960K), 0 survivors (0K)
 Metaspace       used 98140K, capacity 99646K, committed 102956K, reserved 1138688K
  class space    used 12190K, capacity 12832K, committed 13952K, reserved 1048576K
GC Heap History (20 events):
Event: 3293.675 GC heap before
{Heap before GC invocations=539 (full 243):
 garbage-first heap   total 315392K, used 137908K [0x0000000740000000, 0x0000000800000000)
  region size 1024K, 24 young (24576K), 0 survivors (0K)
 Metaspace       used 97980K, capacity 99452K, committed 102700K, reserved 1138688K
  class space    used 12190K, capacity 12832K, committed 13952K, reserved 1048576K
}
Event: 3293.759 GC heap after
{Heap after GC invocations=540 (full 244):
 garbage-first heap   total 315392K, used 113307K [0x0000000740000000, 0x0000000800000000)
  region size 1024K, 0 young (0K), 0 survivors (0K)
 Metaspace       used 97980K, capacity 99452K, committed 102700K, reserved 1138688K
  class space    used 12190K, capacity 12832K, committed 13952K, reserved 1048576K
}
Event: 3296.441 GC heap before
{Heap before GC invocations=540 (full 244):
 garbage-first heap   total 315392K, used 116379K [0x0000000740000000, 0x0000000800000000)
  region size 1024K, 4 young (4096K), 0 survivors (0K)
 Metaspace       used 97980K, capacity 99452K, committed 102700K, reserved 1138688K
  class space    used 12190K, capacity 12832K, committed 13952K, reserved 1048576K
}
Event: 3296.520 GC heap after
{Heap after GC invocations=541 (full 245):
 garbage-first heap   total 315392K, used 113297K [0x0000000740000000, 0x0000000800000000)
  region size 1024K, 0 young (0K), 0 survivors (0K)
 Metaspace       used 97980K, capacity 99452K, committed 102700K, reserved 1138688K
  class space    used 12190K, capacity 12832K, committed 13952K, reserved 1048576K
}
Event: 3297.243 GC heap before
{Heap before GC invocations=541 (full 245):
 garbage-first heap   total 315392K, used 114321K [0x0000000740000000, 0x0000000800000000)
  region size 1024K, 2 young (2048K), 0 survivors (0K)
 Metaspace       used 97980K, capacity 99452K, committed 102700K, reserved 1138688K
  class space    used 12190K, capacity 12832K, committed 13952K, reserved 1048576K
}
Event: 3297.319 GC heap after
{Heap after GC invocations=542 (full 246):
 garbage-first heap   total 315392K, used 113282K [0x0000000740000000, 0x0000000800000000)
  region size 1024K, 0 young (0K), 0 survivors (0K)
 Metaspace       used 97980K, capacity 99452K, committed 102700K, reserved 1138688K
  class space    used 12190K, capacity 12832K, committed 13952K, reserved 1048576K
}
Event: 3297.601 GC heap before
{Heap before GC invocations=542 (full 246):
 garbage-first heap   total 315392K, used 114306K [0x0000000740000000, 0x0000000800000000)
  region size 1024K, 2 young (2048K), 0 survivors (0K)
 Metaspace       used 97980K, capacity 99452K, committed 102700K, reserved 1138688K
  class space    used 12190K, capacity 12832K, committed 13952K, reserved 1048576K
}
Event: 3297.680 GC heap after
{Heap after GC invocations=543 (full 247):
 garbage-first heap   total 315392K, used 113270K [0x0000000740000000, 0x0000000800000000)
  region size 1024K, 0 young (0K), 0 survivors (0K)
 Metaspace       used 97980K, capacity 99452K, committed 102700K, reserved 1138688K
  class space    used 12190K, capacity 12832K, committed 13952K, reserved 1048576K
}
Event: 3300.852 GC heap before
{Heap before GC invocations=543 (full 247):
 garbage-first heap   total 315392K, used 135798K [0x0000000740000000, 0x0000000800000000)
  region size 1024K, 23 young (23552K), 0 survivors (0K)
 Metaspace       used 98000K, capacity 99516K, committed 102956K, reserved 1138688K
  class space    used 12190K, capacity 12832K, committed 13952K, reserved 1048576K
}
Event: 3300.938 GC heap after
{Heap after GC invocations=544 (full 248):
 garbage-first heap   total 315392K, used 113399K [0x0000000740000000, 0x0000000800000000)
  region size 1024K, 0 young (0K), 0 survivors (0K)
 Metaspace       used 98000K, capacity 99516K, committed 102956K, reserved 1138688K
  class space    used 12190K, capacity 12832K, committed 13952K, reserved 1048576K
}
Event: 3302.960 GC heap before
{Heap before GC invocations=544 (full 248):
 garbage-first heap   total 315392K, used 142071K [0x0000000740000000, 0x0000000800000000)
  region size 1024K, 29 young (29696K), 0 survivors (0K)
 Metaspace       used 98005K, capacity 99516K, committed 102956K, reserved 1138688K
  class space    used 12190K, capacity 12832K, committed 13952K, reserved 1048576K
}
Event: 3303.048 GC heap after
{Heap after GC invocations=545 (full 249):
 garbage-first heap   total 315392K, used 113461K [0x0000000740000000, 0x0000000800000000)
  region size 1024K, 0 young (0K), 0 survivors (0K)
 Metaspace       used 98005K, capacity 99516K, committed 102956K, reserved 1138688K
  class space    used 12190K, capacity 12832K, committed 13952K, reserved 1048576K
}
Event: 3305.555 GC heap before
{Heap before GC invocations=545 (full 249):
 garbage-first heap   total 315392K, used 153397K [0x0000000740000000, 0x0000000800000000)
  region size 1024K, 40 young (40960K), 0 survivors (0K)
 Metaspace       used 98091K, capacity 99582K, committed 102956K, reserved 1138688K
  class space    used 12190K, capacity 12832K, committed 13952K, reserved 1048576K
}
Event: 3305.656 GC heap after
{Heap after GC invocations=546 (full 250):
 garbage-first heap   total 315392K, used 113576K [0x0000000740000000, 0x0000000800000000)
  region size 1024K, 0 young (0K), 0 survivors (0K)
 Metaspace       used 98091K, capacity 99582K, committed 102956K, reserved 1138688K
  class space    used 12190K, capacity 12832K, committed 13952K, reserved 1048576K
}
Event: 3318.239 GC heap before
{Heap before GC invocations=546 (full 250):
 garbage-first heap   total 315392K, used 143272K [0x0000000740000000, 0x0000000800000000)
  region size 1024K, 30 young (30720K), 0 survivors (0K)
 Metaspace       used 98129K, capacity 99582K, committed 102956K, reserved 1138688K
  class space    used 12190K, capacity 12832K, committed 13952K, reserved 1048576K
}
Event: 3318.315 GC heap after
{Heap after GC invocations=547 (full 251):
 garbage-first heap   total 315392K, used 113322K [0x0000000740000000, 0x0000000800000000)
  region size 1024K, 0 young (0K), 0 survivors (0K)
 Metaspace       used 98129K, capacity 99582K, committed 102956K, reserved 1138688K
  class space    used 12190K, capacity 12832K, committed 13952K, reserved 1048576K
}
Event: 3319.381 GC heap before
{Heap before GC invocations=547 (full 251):
 garbage-first heap   total 315392K, used 128682K [0x0000000740000000, 0x0000000800000000)
  region size 1024K, 16 young (16384K), 0 survivors (0K)
 Metaspace       used 98129K, capacity 99582K, committed 102956K, reserved 1138688K
  class space    used 12190K, capacity 12832K, committed 13952K, reserved 1048576K
}
Event: 3319.459 GC heap after
{Heap after GC invocations=548 (full 252):
 garbage-first heap   total 315392K, used 113281K [0x0000000740000000, 0x0000000800000000)
  region size 1024K, 0 young (0K), 0 survivors (0K)
 Metaspace       used 98129K, capacity 99582K, committed 102956K, reserved 1138688K
  class space    used 12190K, capacity 12832K, committed 13952K, reserved 1048576K
}
Event: 3322.304 GC heap before
{Heap before GC invocations=548 (full 252):
 garbage-first heap   total 315392K, used 125569K [0x0000000740000000, 0x0000000800000000)
  region size 1024K, 13 young (13312K), 0 survivors (0K)
 Metaspace       used 98137K, capacity 99646K, committed 102956K, reserved 1138688K
  class space    used 12190K, capacity 12832K, committed 13952K, reserved 1048576K
}
Event: 3322.384 GC heap after
{Heap after GC invocations=549 (full 253):
 garbage-first heap   total 315392K, used 113331K [0x0000000740000000, 0x0000000800000000)
  region size 1024K, 0 young (0K), 0 survivors (0K)
 Metaspace       used 98137K, capacity 99646K, committed 102956K, reserved 1138688K
  class space    used 12190K, capacity 12832K, committed 13952K, reserved 1048576K
}

